[0m01:16:01.540990 [debug] [MainThread]: Sending event: {'category': 'dbt', 'action': 'invocation', 'label': 'start', 'context': [<snowplow_tracker.self_describing_json.SelfDescribingJson object at 0x7c7e05aa3cb0>, <snowplow_tracker.self_describing_json.SelfDescribingJson object at 0x7c7e05345ac0>, <snowplow_tracker.self_describing_json.SelfDescribingJson object at 0x7c7e053457f0>]}


============================== 01:16:01.548065 | 4417b32e-a173-4c4e-9094-4960eb6699f7 ==============================
[0m01:16:01.548065 [info ] [MainThread]: Running with dbt=1.9.3
[0m01:16:01.549228 [debug] [MainThread]: running dbt with arguments {'printer_width': '80', 'indirect_selection': 'eager', 'log_cache_events': 'False', 'write_json': 'True', 'partial_parse': 'True', 'cache_selected_only': 'False', 'warn_error': 'None', 'version_check': 'True', 'debug': 'False', 'log_path': 'logs', 'fail_fast': 'False', 'profiles_dir': '/home/ubuntu/.dbt', 'use_colors': 'True', 'use_experimental_parser': 'False', 'no_print': 'None', 'quiet': 'False', 'empty': 'None', 'log_format': 'default', 'static_parser': 'True', 'warn_error_options': 'WarnErrorOptions(include=[], exclude=[])', 'introspect': 'True', 'target_path': 'None', 'invocation_command': 'dbt init gainers', 'send_anonymous_usage_stats': 'True'}
[0m01:16:01.580185 [warn ] [MainThread]: [ConfigFolderDirectory]: Unable to parse logging event dictionary. Failed to parse dir field: expected string or bytes-like object, got 'PosixPath'.. Dictionary: {'dir': PosixPath('/home/ubuntu/.dbt')}
[0m01:16:01.580655 [info ] [MainThread]: Creating dbt configuration folder at 
[0m01:16:01.582777 [debug] [MainThread]: Starter project path: /home/ubuntu/SP25_DS5111_zsf9pd/env/lib/python3.12/site-packages/dbt/include/starter_project
[0m01:16:01.584445 [info ] [MainThread]: 
Your new dbt project "gainers" was created!

For more information on how to configure the profiles.yml file,
please consult the dbt documentation here:

  https://docs.getdbt.com/docs/configure-your-profile

One more thing:

Need help? Don't hesitate to reach out to us via GitHub issues or on Slack:

  https://community.getdbt.com/

Happy modeling!

[0m01:16:01.585311 [info ] [MainThread]: Setting up your profile.
[0m01:35:58.774181 [info ] [MainThread]: Profile gainers written to /home/ubuntu/.dbt/profiles.yml using target's profile_template.yml and your supplied values. Run 'dbt debug' to validate the connection.
[0m01:35:58.777238 [debug] [MainThread]: Resource report: {"command_name": "init", "command_success": true, "command_wall_clock_time": 1197.2943, "process_in_blocks": "28464", "process_kernel_time": 0.191266, "process_mem_max_rss": "154492", "process_out_blocks": "368", "process_user_time": 1.90071}
[0m01:35:58.777654 [debug] [MainThread]: Command `dbt init` succeeded at 01:35:58.777562 after 1197.29 seconds
[0m01:35:58.777995 [debug] [MainThread]: Sending event: {'category': 'dbt', 'action': 'invocation', 'label': 'end', 'context': [<snowplow_tracker.self_describing_json.SelfDescribingJson object at 0x7c7e05001400>, <snowplow_tracker.self_describing_json.SelfDescribingJson object at 0x7c7dfcfeaea0>, <snowplow_tracker.self_describing_json.SelfDescribingJson object at 0x7c7e05001dc0>]}
[0m01:35:58.778343 [debug] [MainThread]: Flushing usage events
[0m01:35:58.796156 [debug] [MainThread]: An error was encountered while trying to flush usage events
